<?xml version="1.0" encoding="utf-8"?><testsuites><testsuite name="pytest" errors="0" failures="0" skipped="0" tests="42" time="48.326" timestamp="2023-03-19T14:48:42.831748" hostname="Minors-MacBook-Pro.local"><testcase classname="test.paradicms_etl_test.extractors.excel_2010_extractor_test" name="test_extract" time="0.058" /><testcase classname="test.paradicms_etl_test.extractors.google_sheets_extractor_test" name="test_extract" time="1.350" /><testcase classname="test.paradicms_etl_test.extractors.markdown_directory_extractor_test" name="test_extract" time="0.146" /><testcase classname="test.paradicms_etl_test.extractors.nop_extractor_test" name="test_extract" time="0.000" /><testcase classname="test.paradicms_etl_test.extractors.wikidata_qid_extractor_test" name="test_extract" time="2.703" /><testcase classname="test.paradicms_etl_test.loaders.collecting_loader_test" name="test_load" time="0.697" /><testcase classname="test.paradicms_etl_test.loaders.excel_2010_loader_test" name="test_load" time="0.074" /><testcase classname="test.paradicms_etl_test.loaders.nop_loader_test" name="test_load" time="0.812" /><testcase classname="test.paradicms_etl_test.loaders.rdf_file_loader_test" name="test_load_explicit_trig" time="1.714" /><testcase classname="test.paradicms_etl_test.loaders.rdf_file_loader_test" name="test_load_implicit_trig" time="1.634" /><testcase classname="test.paradicms_etl_test.loaders.rdf_file_loader_test" name="test_load_implicit_ttl" time="1.502" /><testcase classname="test.paradicms_etl_test.models.image_data_test" name="test_from_pil_image" time="0.007" /><testcase classname="test.paradicms_etl_test.models.image_data_test" name="test_from_rdf" time="0.005" /><testcase classname="test.paradicms_etl_test.models.image_data_test" name="test_to_json_ld" time="0.005" /><testcase classname="test.paradicms_etl_test.models.image_data_test" name="test_to_pil_image" time="0.009" /><testcase classname="test.paradicms_etl_test.models.image_data_test" name="test_to_rdf" time="0.005" /><testcase classname="test.paradicms_etl_test.models.image_test" name="test_replace_copyable" time="0.001" /><testcase classname="test.paradicms_etl_test.models.image_test" name="test_replace_src" time="0.001" /><testcase classname="test.paradicms_etl_test.models.image_test" name="test_to_rdf" time="0.001" /><testcase classname="test.paradicms_etl_test.models.license_test" name="test_init" time="0.000" /><testcase classname="test.paradicms_etl_test.models.rights_statement_test" name="test_init" time="0.000" /><testcase classname="test.paradicms_etl_test.models.text_test" name="test_init" time="0.000" /><testcase classname="test.paradicms_etl_test.models.text_test" name="test_rights" time="0.001" /><testcase classname="test.paradicms_etl_test.models.text_test" name="test_to_rdf" time="0.001" /><testcase classname="test.paradicms_etl_test.models.text_test" name="test_value" time="0.000" /><testcase classname="test.paradicms_etl_test.pipelines.markdown_directory_pipeline_test" name="test_extract_transform_load" time="0.002" /><testcase classname="test.paradicms_etl_test.pipelines.synthetic_data_pipeline_test" name="test_extract_transform" time="0.000" /><testcase classname="test.paradicms_etl_test.transformers.costume_core_data_airtable_transformer_test" name="test_transform" time="0.201" /><testcase classname="test.paradicms_etl_test.transformers.costume_core_models_to_paradicms_models_transformer_test" name="test_transform" time="0.327" /><testcase classname="test.paradicms_etl_test.transformers.costume_core_omeka_classic_transformer_test" name="test_transform" time="7.919" /><testcase classname="test.paradicms_etl_test.transformers.costume_core_ontology_airtable_to_costume_core_models_transformer_test" name="test_transform" time="0.061" /><testcase classname="test.paradicms_etl_test.transformers.costume_core_ontology_airtable_to_worksheet_models_transformer_test" name="test_transform" time="0.322" /><testcase classname="test.paradicms_etl_test.transformers.markdown_directory_transformer_test" name="test_transform" time="0.013" /><testcase classname="test.paradicms_etl_test.transformers.nop_transformer_test" name="test_transform" time="0.000" /><testcase classname="test.paradicms_etl_test.transformers.omeka_classic_transformer_test" name="test_transform" time="8.638" /><testcase classname="test.paradicms_etl_test.transformers.spreadsheet_transformer_test" name="test_transform_excel_2010" time="0.060" /><testcase classname="test.paradicms_etl_test.transformers.spreadsheet_transformer_test" name="test_transform_google_sheets" time="1.162" /><testcase classname="test.paradicms_etl_test.transformers.spreadsheet_transformer_test" name="test_transform_google_sheets_dressdiscover_exhibitions" time="2.058" /><testcase classname="test.paradicms_etl_test.transformers.vccc_transformer_test" name="test_transform" time="11.947" /><testcase classname="test.paradicms_etl_test.transformers.wikidata_items_transformer_test" name="test_transform" time="4.065" /><testcase classname="test.paradicms_etl_test.utils.sanitize_method_name_test" name="test_sanitize_method_name" time="0.000" /><testcase classname="test.paradicms_etl_test.utils.strip_csv_row_test" name="test_strip_csv_row" time="0.001" /></testsuite></testsuites>