<?xml version="1.0" encoding="utf-8"?><testsuites><testsuite name="pytest" errors="0" failures="0" skipped="0" tests="0" time="3.303" timestamp="2023-08-22T10:13:29.759899" hostname="Minors-MacBook-Pro.local" /></testsuites>